Linked: (/home/domenico/Scrivania/prova_ros/workspace/devel/.private/progetto/share/progetto/cmake/progettoConfig-version.cmake, /home/domenico/Scrivania/prova_ros/workspace/devel/share/progetto/cmake/progettoConfig-version.cmake)
Linked: (/home/domenico/Scrivania/prova_ros/workspace/devel/.private/progetto/share/progetto/cmake/progetto-msg-paths.cmake, /home/domenico/Scrivania/prova_ros/workspace/devel/share/progetto/cmake/progetto-msg-paths.cmake)
Linked: (/home/domenico/Scrivania/prova_ros/workspace/devel/.private/progetto/share/progetto/cmake/progettoConfig.cmake, /home/domenico/Scrivania/prova_ros/workspace/devel/share/progetto/cmake/progettoConfig.cmake)
Linked: (/home/domenico/Scrivania/prova_ros/workspace/devel/.private/progetto/share/progetto/cmake/progetto-msg-extras.cmake, /home/domenico/Scrivania/prova_ros/workspace/devel/share/progetto/cmake/progetto-msg-extras.cmake)
Linked: (/home/domenico/Scrivania/prova_ros/workspace/devel/.private/progetto/share/common-lisp/ros/progetto/srv/_package_VoiceDetectionService.lisp, /home/domenico/Scrivania/prova_ros/workspace/devel/share/common-lisp/ros/progetto/srv/_package_VoiceDetectionService.lisp)
Linked: (/home/domenico/Scrivania/prova_ros/workspace/devel/.private/progetto/share/common-lisp/ros/progetto/srv/VoiceDetectionService.lisp, /home/domenico/Scrivania/prova_ros/workspace/devel/share/common-lisp/ros/progetto/srv/VoiceDetectionService.lisp)
Linked: (/home/domenico/Scrivania/prova_ros/workspace/devel/.private/progetto/share/common-lisp/ros/progetto/srv/StopAwareness.lisp, /home/domenico/Scrivania/prova_ros/workspace/devel/share/common-lisp/ros/progetto/srv/StopAwareness.lisp)
Linked: (/home/domenico/Scrivania/prova_ros/workspace/devel/.private/progetto/share/common-lisp/ros/progetto/srv/progetto-srv.asd, /home/domenico/Scrivania/prova_ros/workspace/devel/share/common-lisp/ros/progetto/srv/progetto-srv.asd)
Linked: (/home/domenico/Scrivania/prova_ros/workspace/devel/.private/progetto/share/common-lisp/ros/progetto/srv/_package_StopAwareness.lisp, /home/domenico/Scrivania/prova_ros/workspace/devel/share/common-lisp/ros/progetto/srv/_package_StopAwareness.lisp)
Linked: (/home/domenico/Scrivania/prova_ros/workspace/devel/.private/progetto/share/common-lisp/ros/progetto/srv/Rest.lisp, /home/domenico/Scrivania/prova_ros/workspace/devel/share/common-lisp/ros/progetto/srv/Rest.lisp)
Linked: (/home/domenico/Scrivania/prova_ros/workspace/devel/.private/progetto/share/common-lisp/ros/progetto/srv/Text2Speech.lisp, /home/domenico/Scrivania/prova_ros/workspace/devel/share/common-lisp/ros/progetto/srv/Text2Speech.lisp)
Linked: (/home/domenico/Scrivania/prova_ros/workspace/devel/.private/progetto/share/common-lisp/ros/progetto/srv/WakeUp.lisp, /home/domenico/Scrivania/prova_ros/workspace/devel/share/common-lisp/ros/progetto/srv/WakeUp.lisp)
Linked: (/home/domenico/Scrivania/prova_ros/workspace/devel/.private/progetto/share/common-lisp/ros/progetto/srv/_package.lisp, /home/domenico/Scrivania/prova_ros/workspace/devel/share/common-lisp/ros/progetto/srv/_package.lisp)
Linked: (/home/domenico/Scrivania/prova_ros/workspace/devel/.private/progetto/share/common-lisp/ros/progetto/srv/StartAwareness.lisp, /home/domenico/Scrivania/prova_ros/workspace/devel/share/common-lisp/ros/progetto/srv/StartAwareness.lisp)
Linked: (/home/domenico/Scrivania/prova_ros/workspace/devel/.private/progetto/share/common-lisp/ros/progetto/srv/_package_Text2Speech.lisp, /home/domenico/Scrivania/prova_ros/workspace/devel/share/common-lisp/ros/progetto/srv/_package_Text2Speech.lisp)
Linked: (/home/domenico/Scrivania/prova_ros/workspace/devel/.private/progetto/share/common-lisp/ros/progetto/srv/_package_WakeUp.lisp, /home/domenico/Scrivania/prova_ros/workspace/devel/share/common-lisp/ros/progetto/srv/_package_WakeUp.lisp)
Linked: (/home/domenico/Scrivania/prova_ros/workspace/devel/.private/progetto/share/common-lisp/ros/progetto/srv/_package_Rest.lisp, /home/domenico/Scrivania/prova_ros/workspace/devel/share/common-lisp/ros/progetto/srv/_package_Rest.lisp)
Linked: (/home/domenico/Scrivania/prova_ros/workspace/devel/.private/progetto/share/common-lisp/ros/progetto/srv/_package_StartAwareness.lisp, /home/domenico/Scrivania/prova_ros/workspace/devel/share/common-lisp/ros/progetto/srv/_package_StartAwareness.lisp)
Linked: (/home/domenico/Scrivania/prova_ros/workspace/devel/.private/progetto/share/gennodejs/ros/progetto/_index.js, /home/domenico/Scrivania/prova_ros/workspace/devel/share/gennodejs/ros/progetto/_index.js)
Linked: (/home/domenico/Scrivania/prova_ros/workspace/devel/.private/progetto/share/gennodejs/ros/progetto/srv/WakeUp.js, /home/domenico/Scrivania/prova_ros/workspace/devel/share/gennodejs/ros/progetto/srv/WakeUp.js)
Linked: (/home/domenico/Scrivania/prova_ros/workspace/devel/.private/progetto/share/gennodejs/ros/progetto/srv/Rest.js, /home/domenico/Scrivania/prova_ros/workspace/devel/share/gennodejs/ros/progetto/srv/Rest.js)
Linked: (/home/domenico/Scrivania/prova_ros/workspace/devel/.private/progetto/share/gennodejs/ros/progetto/srv/Text2Speech.js, /home/domenico/Scrivania/prova_ros/workspace/devel/share/gennodejs/ros/progetto/srv/Text2Speech.js)
Linked: (/home/domenico/Scrivania/prova_ros/workspace/devel/.private/progetto/share/gennodejs/ros/progetto/srv/StartAwareness.js, /home/domenico/Scrivania/prova_ros/workspace/devel/share/gennodejs/ros/progetto/srv/StartAwareness.js)
Linked: (/home/domenico/Scrivania/prova_ros/workspace/devel/.private/progetto/share/gennodejs/ros/progetto/srv/StopAwareness.js, /home/domenico/Scrivania/prova_ros/workspace/devel/share/gennodejs/ros/progetto/srv/StopAwareness.js)
Linked: (/home/domenico/Scrivania/prova_ros/workspace/devel/.private/progetto/share/gennodejs/ros/progetto/srv/VoiceDetectionService.js, /home/domenico/Scrivania/prova_ros/workspace/devel/share/gennodejs/ros/progetto/srv/VoiceDetectionService.js)
Linked: (/home/domenico/Scrivania/prova_ros/workspace/devel/.private/progetto/share/gennodejs/ros/progetto/srv/_index.js, /home/domenico/Scrivania/prova_ros/workspace/devel/share/gennodejs/ros/progetto/srv/_index.js)
Linked: (/home/domenico/Scrivania/prova_ros/workspace/devel/.private/progetto/share/roseus/ros/progetto/manifest.l, /home/domenico/Scrivania/prova_ros/workspace/devel/share/roseus/ros/progetto/manifest.l)
Linked: (/home/domenico/Scrivania/prova_ros/workspace/devel/.private/progetto/share/roseus/ros/progetto/srv/Rest.l, /home/domenico/Scrivania/prova_ros/workspace/devel/share/roseus/ros/progetto/srv/Rest.l)
Linked: (/home/domenico/Scrivania/prova_ros/workspace/devel/.private/progetto/share/roseus/ros/progetto/srv/WakeUp.l, /home/domenico/Scrivania/prova_ros/workspace/devel/share/roseus/ros/progetto/srv/WakeUp.l)
Linked: (/home/domenico/Scrivania/prova_ros/workspace/devel/.private/progetto/share/roseus/ros/progetto/srv/StopAwareness.l, /home/domenico/Scrivania/prova_ros/workspace/devel/share/roseus/ros/progetto/srv/StopAwareness.l)
Linked: (/home/domenico/Scrivania/prova_ros/workspace/devel/.private/progetto/share/roseus/ros/progetto/srv/StartAwareness.l, /home/domenico/Scrivania/prova_ros/workspace/devel/share/roseus/ros/progetto/srv/StartAwareness.l)
Linked: (/home/domenico/Scrivania/prova_ros/workspace/devel/.private/progetto/share/roseus/ros/progetto/srv/VoiceDetectionService.l, /home/domenico/Scrivania/prova_ros/workspace/devel/share/roseus/ros/progetto/srv/VoiceDetectionService.l)
Linked: (/home/domenico/Scrivania/prova_ros/workspace/devel/.private/progetto/share/roseus/ros/progetto/srv/Text2Speech.l, /home/domenico/Scrivania/prova_ros/workspace/devel/share/roseus/ros/progetto/srv/Text2Speech.l)
Linked: (/home/domenico/Scrivania/prova_ros/workspace/devel/.private/progetto/include/progetto/RestRequest.h, /home/domenico/Scrivania/prova_ros/workspace/devel/include/progetto/RestRequest.h)
Linked: (/home/domenico/Scrivania/prova_ros/workspace/devel/.private/progetto/include/progetto/Text2SpeechRequest.h, /home/domenico/Scrivania/prova_ros/workspace/devel/include/progetto/Text2SpeechRequest.h)
Linked: (/home/domenico/Scrivania/prova_ros/workspace/devel/.private/progetto/include/progetto/VoiceDetectionService.h, /home/domenico/Scrivania/prova_ros/workspace/devel/include/progetto/VoiceDetectionService.h)
Linked: (/home/domenico/Scrivania/prova_ros/workspace/devel/.private/progetto/include/progetto/WakeUpResponse.h, /home/domenico/Scrivania/prova_ros/workspace/devel/include/progetto/WakeUpResponse.h)
Linked: (/home/domenico/Scrivania/prova_ros/workspace/devel/.private/progetto/include/progetto/Text2SpeechResponse.h, /home/domenico/Scrivania/prova_ros/workspace/devel/include/progetto/Text2SpeechResponse.h)
Linked: (/home/domenico/Scrivania/prova_ros/workspace/devel/.private/progetto/include/progetto/StopAwarenessRequest.h, /home/domenico/Scrivania/prova_ros/workspace/devel/include/progetto/StopAwarenessRequest.h)
Linked: (/home/domenico/Scrivania/prova_ros/workspace/devel/.private/progetto/include/progetto/Rest.h, /home/domenico/Scrivania/prova_ros/workspace/devel/include/progetto/Rest.h)
Linked: (/home/domenico/Scrivania/prova_ros/workspace/devel/.private/progetto/include/progetto/StartAwarenessRequest.h, /home/domenico/Scrivania/prova_ros/workspace/devel/include/progetto/StartAwarenessRequest.h)
Linked: (/home/domenico/Scrivania/prova_ros/workspace/devel/.private/progetto/include/progetto/Text2Speech.h, /home/domenico/Scrivania/prova_ros/workspace/devel/include/progetto/Text2Speech.h)
Linked: (/home/domenico/Scrivania/prova_ros/workspace/devel/.private/progetto/include/progetto/VoiceDetectionServiceResponse.h, /home/domenico/Scrivania/prova_ros/workspace/devel/include/progetto/VoiceDetectionServiceResponse.h)
Linked: (/home/domenico/Scrivania/prova_ros/workspace/devel/.private/progetto/include/progetto/WakeUp.h, /home/domenico/Scrivania/prova_ros/workspace/devel/include/progetto/WakeUp.h)
Linked: (/home/domenico/Scrivania/prova_ros/workspace/devel/.private/progetto/include/progetto/StartAwarenessResponse.h, /home/domenico/Scrivania/prova_ros/workspace/devel/include/progetto/StartAwarenessResponse.h)
Linked: (/home/domenico/Scrivania/prova_ros/workspace/devel/.private/progetto/include/progetto/StopAwareness.h, /home/domenico/Scrivania/prova_ros/workspace/devel/include/progetto/StopAwareness.h)
Linked: (/home/domenico/Scrivania/prova_ros/workspace/devel/.private/progetto/include/progetto/StopAwarenessResponse.h, /home/domenico/Scrivania/prova_ros/workspace/devel/include/progetto/StopAwarenessResponse.h)
Linked: (/home/domenico/Scrivania/prova_ros/workspace/devel/.private/progetto/include/progetto/RestResponse.h, /home/domenico/Scrivania/prova_ros/workspace/devel/include/progetto/RestResponse.h)
Linked: (/home/domenico/Scrivania/prova_ros/workspace/devel/.private/progetto/include/progetto/WakeUpRequest.h, /home/domenico/Scrivania/prova_ros/workspace/devel/include/progetto/WakeUpRequest.h)
Linked: (/home/domenico/Scrivania/prova_ros/workspace/devel/.private/progetto/include/progetto/VoiceDetectionServiceRequest.h, /home/domenico/Scrivania/prova_ros/workspace/devel/include/progetto/VoiceDetectionServiceRequest.h)
Linked: (/home/domenico/Scrivania/prova_ros/workspace/devel/.private/progetto/include/progetto/StartAwareness.h, /home/domenico/Scrivania/prova_ros/workspace/devel/include/progetto/StartAwareness.h)
Linked: (/home/domenico/Scrivania/prova_ros/workspace/devel/.private/progetto/lib/pkgconfig/progetto.pc, /home/domenico/Scrivania/prova_ros/workspace/devel/lib/pkgconfig/progetto.pc)
Linked: (/home/domenico/Scrivania/prova_ros/workspace/devel/.private/progetto/lib/python3/dist-packages/progetto/__init__.py, /home/domenico/Scrivania/prova_ros/workspace/devel/lib/python3/dist-packages/progetto/__init__.py)
Linked: (/home/domenico/Scrivania/prova_ros/workspace/devel/.private/progetto/lib/python3/dist-packages/progetto/srv/_StopAwareness.py, /home/domenico/Scrivania/prova_ros/workspace/devel/lib/python3/dist-packages/progetto/srv/_StopAwareness.py)
Linked: (/home/domenico/Scrivania/prova_ros/workspace/devel/.private/progetto/lib/python3/dist-packages/progetto/srv/_Rest.py, /home/domenico/Scrivania/prova_ros/workspace/devel/lib/python3/dist-packages/progetto/srv/_Rest.py)
Linked: (/home/domenico/Scrivania/prova_ros/workspace/devel/.private/progetto/lib/python3/dist-packages/progetto/srv/_WakeUp.py, /home/domenico/Scrivania/prova_ros/workspace/devel/lib/python3/dist-packages/progetto/srv/_WakeUp.py)
Linked: (/home/domenico/Scrivania/prova_ros/workspace/devel/.private/progetto/lib/python3/dist-packages/progetto/srv/_VoiceDetectionService.py, /home/domenico/Scrivania/prova_ros/workspace/devel/lib/python3/dist-packages/progetto/srv/_VoiceDetectionService.py)
Linked: (/home/domenico/Scrivania/prova_ros/workspace/devel/.private/progetto/lib/python3/dist-packages/progetto/srv/_Text2Speech.py, /home/domenico/Scrivania/prova_ros/workspace/devel/lib/python3/dist-packages/progetto/srv/_Text2Speech.py)
Linked: (/home/domenico/Scrivania/prova_ros/workspace/devel/.private/progetto/lib/python3/dist-packages/progetto/srv/__init__.py, /home/domenico/Scrivania/prova_ros/workspace/devel/lib/python3/dist-packages/progetto/srv/__init__.py)
Linked: (/home/domenico/Scrivania/prova_ros/workspace/devel/.private/progetto/lib/python3/dist-packages/progetto/srv/_StartAwareness.py, /home/domenico/Scrivania/prova_ros/workspace/devel/lib/python3/dist-packages/progetto/srv/_StartAwareness.py)
